{"C:\\Users\\bialo\\OneDrive\\Área de Trabalho\\envelhecer-com-dignidade\\Classes\\Pessoa\\Pessoa.js": {"path":"C:\\Users\\bialo\\OneDrive\\Área de Trabalho\\envelhecer-com-dignidade\\Classes\\Pessoa\\Pessoa.js","statementMap":{"0":{"start":{"line":7,"column":8},"end":{"line":7,"column":25}},"1":{"start":{"line":8,"column":8},"end":{"line":8,"column":27}},"2":{"start":{"line":9,"column":8},"end":{"line":9,"column":33}},"3":{"start":{"line":13,"column":8},"end":{"line":15,"column":9}},"4":{"start":{"line":14,"column":12},"end":{"line":14,"column":38}},"5":{"start":{"line":19,"column":0},"end":{"line":19,"column":23}}},"fnMap":{"0":{"name":"(anonymous_0)","decl":{"start":{"line":6,"column":4},"end":{"line":6,"column":5}},"loc":{"start":{"line":6,"column":39},"end":{"line":10,"column":5}},"line":6},"1":{"name":"(anonymous_1)","decl":{"start":{"line":12,"column":4},"end":{"line":12,"column":5}},"loc":{"start":{"line":12,"column":31},"end":{"line":16,"column":5}},"line":12}},"branchMap":{"0":{"loc":{"start":{"line":13,"column":8},"end":{"line":15,"column":9}},"type":"if","locations":[{"start":{"line":13,"column":8},"end":{"line":15,"column":9}},{"start":{},"end":{}}],"line":13}},"s":{"0":20,"1":20,"2":20,"3":8,"4":2,"5":3},"f":{"0":20,"1":8},"b":{"0":[2,6]},"_coverageSchema":"1a1c01bbd47fc00a2c39e90264f33305004495a9","hash":"d185616e4bac559b05bc99c47ccfa975c723eefb"}
,"C:\\Users\\bialo\\OneDrive\\Área de Trabalho\\envelhecer-com-dignidade\\Classes\\PessoaIdosa\\PessoaIdosa.js": {"path":"C:\\Users\\bialo\\OneDrive\\Área de Trabalho\\envelhecer-com-dignidade\\Classes\\PessoaIdosa\\PessoaIdosa.js","statementMap":{"0":{"start":{"line":1,"column":15},"end":{"line":1,"column":42}},"1":{"start":{"line":2,"column":21},"end":{"line":2,"column":60}},"2":{"start":{"line":7,"column":29},"end":{"line":7,"column":31}},"3":{"start":{"line":10,"column":8},"end":{"line":10,"column":37}},"4":{"start":{"line":11,"column":8},"end":{"line":11,"column":27}},"5":{"start":{"line":12,"column":8},"end":{"line":12,"column":36}},"6":{"start":{"line":13,"column":8},"end":{"line":13,"column":47}},"7":{"start":{"line":17,"column":8},"end":{"line":17,"column":39}},"8":{"start":{"line":18,"column":22},"end":{"line":18,"column":33}},"9":{"start":{"line":19,"column":8},"end":{"line":27,"column":9}},"10":{"start":{"line":20,"column":12},"end":{"line":20,"column":96}},"11":{"start":{"line":22,"column":12},"end":{"line":22,"column":29}},"12":{"start":{"line":23,"column":12},"end":{"line":23,"column":31}},"13":{"start":{"line":24,"column":12},"end":{"line":24,"column":37}},"14":{"start":{"line":25,"column":12},"end":{"line":25,"column":31}},"15":{"start":{"line":26,"column":12},"end":{"line":26,"column":79}},"16":{"start":{"line":31,"column":16},"end":{"line":31,"column":57}},"17":{"start":{"line":32,"column":8},"end":{"line":32,"column":48}},"18":{"start":{"line":36,"column":8},"end":{"line":38,"column":9}},"19":{"start":{"line":37,"column":12},"end":{"line":37,"column":48}},"20":{"start":{"line":42,"column":8},"end":{"line":42,"column":136}},"21":{"start":{"line":43,"column":8},"end":{"line":43,"column":40}},"22":{"start":{"line":47,"column":8},"end":{"line":47,"column":48}},"23":{"start":{"line":48,"column":8},"end":{"line":48,"column":108}},"24":{"start":{"line":49,"column":8},"end":{"line":49,"column":48}},"25":{"start":{"line":53,"column":8},"end":{"line":53,"column":47}},"26":{"start":{"line":54,"column":8},"end":{"line":54,"column":43}},"27":{"start":{"line":55,"column":8},"end":{"line":55,"column":57}},"28":{"start":{"line":56,"column":8},"end":{"line":56,"column":65}},"29":{"start":{"line":58,"column":8},"end":{"line":58,"column":245}},"30":{"start":{"line":62,"column":0},"end":{"line":62,"column":28}}},"fnMap":{"0":{"name":"(anonymous_0)","decl":{"start":{"line":9,"column":4},"end":{"line":9,"column":5}},"loc":{"start":{"line":9,"column":46},"end":{"line":14,"column":5}},"line":9},"1":{"name":"(anonymous_1)","decl":{"start":{"line":16,"column":4},"end":{"line":16,"column":5}},"loc":{"start":{"line":16,"column":65},"end":{"line":28,"column":5}},"line":16},"2":{"name":"(anonymous_2)","decl":{"start":{"line":30,"column":4},"end":{"line":30,"column":5}},"loc":{"start":{"line":30,"column":33},"end":{"line":33,"column":5}},"line":30},"3":{"name":"(anonymous_3)","decl":{"start":{"line":35,"column":4},"end":{"line":35,"column":5}},"loc":{"start":{"line":35,"column":39},"end":{"line":39,"column":5}},"line":35},"4":{"name":"(anonymous_4)","decl":{"start":{"line":41,"column":4},"end":{"line":41,"column":5}},"loc":{"start":{"line":41,"column":48},"end":{"line":44,"column":5}},"line":41},"5":{"name":"(anonymous_5)","decl":{"start":{"line":46,"column":4},"end":{"line":46,"column":5}},"loc":{"start":{"line":46,"column":57},"end":{"line":50,"column":5}},"line":46},"6":{"name":"(anonymous_6)","decl":{"start":{"line":52,"column":4},"end":{"line":52,"column":5}},"loc":{"start":{"line":52,"column":48},"end":{"line":59,"column":5}},"line":52}},"branchMap":{"0":{"loc":{"start":{"line":19,"column":8},"end":{"line":27,"column":9}},"type":"if","locations":[{"start":{"line":19,"column":8},"end":{"line":27,"column":9}},{"start":{"line":21,"column":15},"end":{"line":27,"column":9}}],"line":19},"1":{"loc":{"start":{"line":36,"column":8},"end":{"line":38,"column":9}},"type":"if","locations":[{"start":{"line":36,"column":8},"end":{"line":38,"column":9}},{"start":{},"end":{}}],"line":36}},"s":{"0":1,"1":1,"2":1,"3":8,"4":8,"5":8,"6":8,"7":2,"8":2,"9":2,"10":1,"11":1,"12":1,"13":1,"14":1,"15":1,"16":0,"17":0,"18":2,"19":1,"20":1,"21":1,"22":1,"23":1,"24":1,"25":1,"26":1,"27":1,"28":1,"29":1,"30":1},"f":{"0":8,"1":2,"2":0,"3":2,"4":1,"5":1,"6":1},"b":{"0":[1,1],"1":[1,1]},"_coverageSchema":"1a1c01bbd47fc00a2c39e90264f33305004495a9","hash":"086d2e648ea2852d2faf728b32fc88bbf6e90e86"}
,"C:\\Users\\bialo\\OneDrive\\Área de Trabalho\\envelhecer-com-dignidade\\Classes\\Profissional\\Profissional.js": {"path":"C:\\Users\\bialo\\OneDrive\\Área de Trabalho\\envelhecer-com-dignidade\\Classes\\Profissional\\Profissional.js","statementMap":{"0":{"start":{"line":1,"column":15},"end":{"line":1,"column":42}},"1":{"start":{"line":2,"column":16},"end":{"line":2,"column":45}},"2":{"start":{"line":8,"column":32},"end":{"line":8,"column":33}},"3":{"start":{"line":9,"column":15},"end":{"line":9,"column":17}},"4":{"start":{"line":10,"column":24},"end":{"line":10,"column":26}},"5":{"start":{"line":11,"column":27},"end":{"line":11,"column":29}},"6":{"start":{"line":14,"column":8},"end":{"line":14,"column":37}},"7":{"start":{"line":15,"column":8},"end":{"line":15,"column":36}},"8":{"start":{"line":16,"column":8},"end":{"line":16,"column":39}},"9":{"start":{"line":17,"column":8},"end":{"line":17,"column":57}},"10":{"start":{"line":18,"column":8},"end":{"line":18,"column":33}},"11":{"start":{"line":19,"column":8},"end":{"line":19,"column":46}},"12":{"start":{"line":23,"column":8},"end":{"line":23,"column":30}},"13":{"start":{"line":27,"column":8},"end":{"line":27,"column":46}},"14":{"start":{"line":31,"column":8},"end":{"line":31,"column":39}},"15":{"start":{"line":32,"column":8},"end":{"line":32,"column":85}},"16":{"start":{"line":33,"column":8},"end":{"line":33,"column":25}},"17":{"start":{"line":34,"column":8},"end":{"line":34,"column":27}},"18":{"start":{"line":35,"column":8},"end":{"line":35,"column":33}},"19":{"start":{"line":36,"column":8},"end":{"line":36,"column":36}},"20":{"start":{"line":37,"column":8},"end":{"line":37,"column":39}},"21":{"start":{"line":38,"column":8},"end":{"line":38,"column":57}},"22":{"start":{"line":39,"column":8},"end":{"line":39,"column":75}},"23":{"start":{"line":43,"column":16},"end":{"line":43,"column":56}},"24":{"start":{"line":44,"column":8},"end":{"line":44,"column":47}},"25":{"start":{"line":48,"column":8},"end":{"line":50,"column":9}},"26":{"start":{"line":49,"column":12},"end":{"line":49,"column":45}},"27":{"start":{"line":54,"column":8},"end":{"line":55,"column":96}},"28":{"start":{"line":55,"column":12},"end":{"line":55,"column":96}},"29":{"start":{"line":59,"column":8},"end":{"line":63,"column":9}},"30":{"start":{"line":60,"column":12},"end":{"line":62,"column":13}},"31":{"start":{"line":61,"column":16},"end":{"line":61,"column":78}},"32":{"start":{"line":67,"column":8},"end":{"line":67,"column":36}},"33":{"start":{"line":68,"column":8},"end":{"line":68,"column":43}},"34":{"start":{"line":69,"column":8},"end":{"line":69,"column":36}},"35":{"start":{"line":70,"column":8},"end":{"line":70,"column":141}},"36":{"start":{"line":74,"column":33},"end":{"line":76,"column":9}},"37":{"start":{"line":75,"column":28},"end":{"line":75,"column":52}},"38":{"start":{"line":77,"column":8},"end":{"line":80,"column":68}},"39":{"start":{"line":81,"column":8},"end":{"line":81,"column":31}},"40":{"start":{"line":85,"column":0},"end":{"line":85,"column":29}}},"fnMap":{"0":{"name":"(anonymous_0)","decl":{"start":{"line":13,"column":4},"end":{"line":13,"column":5}},"loc":{"start":{"line":13,"column":85},"end":{"line":20,"column":5}},"line":13},"1":{"name":"(anonymous_1)","decl":{"start":{"line":22,"column":4},"end":{"line":22,"column":5}},"loc":{"start":{"line":22,"column":19},"end":{"line":24,"column":5}},"line":22},"2":{"name":"(anonymous_2)","decl":{"start":{"line":26,"column":4},"end":{"line":26,"column":5}},"loc":{"start":{"line":26,"column":32},"end":{"line":28,"column":5}},"line":26},"3":{"name":"(anonymous_3)","decl":{"start":{"line":30,"column":4},"end":{"line":30,"column":5}},"loc":{"start":{"line":30,"column":95},"end":{"line":40,"column":5}},"line":30},"4":{"name":"(anonymous_4)","decl":{"start":{"line":42,"column":4},"end":{"line":42,"column":5}},"loc":{"start":{"line":42,"column":34},"end":{"line":45,"column":5}},"line":42},"5":{"name":"(anonymous_5)","decl":{"start":{"line":47,"column":4},"end":{"line":47,"column":5}},"loc":{"start":{"line":47,"column":27},"end":{"line":51,"column":5}},"line":47},"6":{"name":"(anonymous_6)","decl":{"start":{"line":53,"column":4},"end":{"line":53,"column":5}},"loc":{"start":{"line":53,"column":34},"end":{"line":56,"column":5}},"line":53},"7":{"name":"(anonymous_7)","decl":{"start":{"line":58,"column":4},"end":{"line":58,"column":5}},"loc":{"start":{"line":58,"column":77},"end":{"line":64,"column":5}},"line":58},"8":{"name":"(anonymous_8)","decl":{"start":{"line":66,"column":4},"end":{"line":66,"column":5}},"loc":{"start":{"line":66,"column":44},"end":{"line":71,"column":5}},"line":66},"9":{"name":"(anonymous_9)","decl":{"start":{"line":73,"column":4},"end":{"line":73,"column":5}},"loc":{"start":{"line":73,"column":28},"end":{"line":82,"column":5}},"line":73},"10":{"name":"(anonymous_10)","decl":{"start":{"line":75,"column":12},"end":{"line":75,"column":13}},"loc":{"start":{"line":75,"column":28},"end":{"line":75,"column":52}},"line":75}},"branchMap":{"0":{"loc":{"start":{"line":48,"column":8},"end":{"line":50,"column":9}},"type":"if","locations":[{"start":{"line":48,"column":8},"end":{"line":50,"column":9}},{"start":{},"end":{}}],"line":48},"1":{"loc":{"start":{"line":54,"column":8},"end":{"line":55,"column":96}},"type":"if","locations":[{"start":{"line":54,"column":8},"end":{"line":55,"column":96}},{"start":{},"end":{}}],"line":54},"2":{"loc":{"start":{"line":59,"column":8},"end":{"line":63,"column":9}},"type":"if","locations":[{"start":{"line":59,"column":8},"end":{"line":63,"column":9}},{"start":{},"end":{}}],"line":59},"3":{"loc":{"start":{"line":60,"column":12},"end":{"line":62,"column":13}},"type":"if","locations":[{"start":{"line":60,"column":12},"end":{"line":62,"column":13}},{"start":{},"end":{}}],"line":60},"4":{"loc":{"start":{"line":60,"column":16},"end":{"line":60,"column":74}},"type":"binary-expr","locations":[{"start":{"line":60,"column":16},"end":{"line":60,"column":44}},{"start":{"line":60,"column":48},"end":{"line":60,"column":74}}],"line":60},"5":{"loc":{"start":{"line":77,"column":8},"end":{"line":80,"column":68}},"type":"cond-expr","locations":[{"start":{"line":78,"column":12},"end":{"line":78,"column":131}},{"start":{"line":79,"column":14},"end":{"line":80,"column":68}}],"line":77}},"s":{"0":2,"1":2,"2":11,"3":11,"4":11,"5":2,"6":11,"7":11,"8":11,"9":11,"10":11,"11":11,"12":3,"13":1,"14":2,"15":2,"16":1,"17":1,"18":1,"19":1,"20":1,"21":1,"22":1,"23":0,"24":0,"25":3,"26":1,"27":1,"28":0,"29":2,"30":1,"31":1,"32":1,"33":1,"34":1,"35":1,"36":1,"37":0,"38":1,"39":1,"40":2},"f":{"0":11,"1":3,"2":1,"3":2,"4":0,"5":3,"6":1,"7":2,"8":1,"9":1,"10":0},"b":{"0":[1,2],"1":[0,1],"2":[1,1],"3":[1,0],"4":[1,1],"5":[1,0]},"_coverageSchema":"1a1c01bbd47fc00a2c39e90264f33305004495a9","hash":"cd780e6b213bbd6ce7f640245c37877c1bbc2906"}
,"C:\\Users\\bialo\\OneDrive\\Área de Trabalho\\envelhecer-com-dignidade\\Classes\\Servico\\Servico.js": {"path":"C:\\Users\\bialo\\OneDrive\\Área de Trabalho\\envelhecer-com-dignidade\\Classes\\Servico\\Servico.js","statementMap":{"0":{"start":{"line":6,"column":8},"end":{"line":6,"column":39}},"1":{"start":{"line":7,"column":8},"end":{"line":7,"column":42}},"2":{"start":{"line":11,"column":8},"end":{"line":11,"column":33}},"3":{"start":{"line":15,"column":8},"end":{"line":15,"column":52}},"4":{"start":{"line":19,"column":0},"end":{"line":19,"column":24}}},"fnMap":{"0":{"name":"(anonymous_0)","decl":{"start":{"line":5,"column":4},"end":{"line":5,"column":5}},"loc":{"start":{"line":5,"column":43},"end":{"line":8,"column":5}},"line":5},"1":{"name":"(anonymous_1)","decl":{"start":{"line":10,"column":4},"end":{"line":10,"column":5}},"loc":{"start":{"line":10,"column":22},"end":{"line":12,"column":5}},"line":10},"2":{"name":"(anonymous_2)","decl":{"start":{"line":14,"column":4},"end":{"line":14,"column":5}},"loc":{"start":{"line":14,"column":38},"end":{"line":16,"column":5}},"line":14}},"branchMap":{},"s":{"0":5,"1":5,"2":7,"3":1,"4":3},"f":{"0":5,"1":7,"2":1},"b":{},"_coverageSchema":"1a1c01bbd47fc00a2c39e90264f33305004495a9","hash":"cdca816cbdd0bf39b5d4602bab64b10922bfde47"}
}
